\BOOKMARK [1][-]{section.1}{\376\377\006\071\006\106\006\110\006\047\006\106\000\040\006\063\006\110\006\047\006\104\000\040\006\047\006\110\006\104}{}% 1
\BOOKMARK [2][-]{subsection.1.1}{\376\377\006\071\006\106\006\110\006\047\006\106\000\040\006\050\006\056\006\064\000\040\006\047\006\110\006\104\000\040\006\063\006\110\006\047\006\104\000\040\006\047\006\110\006\104}{section.1}% 2
\BOOKMARK [2][-]{subsection.1.2}{\376\377\006\071\006\106\006\110\006\047\006\106\000\040\006\050\006\056\006\064\000\040\006\057\006\110\006\105\000\040\006\063\006\110\006\047\006\104\000\040\006\047\006\110\006\104}{section.1}% 3
\BOOKMARK [2][-]{subsection.1.3}{\376\377\006\071\006\106\006\110\006\047\006\106\000\040\006\050\006\056\006\064\000\040\006\063\006\110\006\105\000\040\006\063\006\110\006\047\006\104\000\040\006\047\006\110\006\104}{section.1}% 4
\BOOKMARK [2][-]{subsection.1.4}{\376\377\006\071\006\106\006\110\006\047\006\106\000\040\006\050\006\056\006\064\000\040\006\206\006\107\006\047\006\061\006\105\000\040\006\063\006\110\006\047\006\104\000\040\006\047\006\110\006\104}{section.1}% 5
\BOOKMARK [2][-]{subsection.1.5}{\376\377\006\071\006\106\006\110\006\047\006\106\000\040\006\050\006\056\006\064\000\040\006\176\006\106\006\054\006\105\000\040\006\063\006\110\006\047\006\104\000\040\006\047\006\110\006\104}{section.1}% 6
\BOOKMARK [2][-]{subsection.1.6}{\376\377\006\071\006\106\006\110\006\047\006\106\000\040\006\050\006\056\006\064\000\040\006\064\006\064\006\105\000\040\006\063\006\110\006\047\006\104\000\040\006\047\006\110\006\104}{section.1}% 7
\BOOKMARK [2][-]{subsection.1.7}{\376\377\006\071\006\106\006\110\006\047\006\106\000\040\006\050\006\056\006\064\000\040\006\107\006\101\006\052\006\105\000\040\006\063\006\110\006\047\006\104\000\040\006\047\006\110\006\104}{section.1}% 8
\BOOKMARK [1][-]{section.2}{\376\377\006\071\006\106\006\110\006\047\006\106\000\040\006\063\006\110\006\047\006\104\000\040\006\057\006\110\006\105}{}% 9
\BOOKMARK [1][-]{section.3}{\376\377\006\071\006\106\006\110\006\047\006\106\000\040\006\063\006\110\006\047\006\104\000\040\006\063\006\110\006\105}{}% 10
\BOOKMARK [1][-]{section.4}{\376\377\006\071\006\106\006\110\006\047\006\106\000\040\006\063\006\110\006\047\006\104\000\040\006\206\006\107\006\047\006\061\006\105}{}% 11
\BOOKMARK [1][-]{section.5}{\376\377\006\071\006\106\006\110\006\047\006\106\000\040\006\063\006\110\006\047\006\104\000\040\006\176\006\106\006\054\006\105}{}% 12
\BOOKMARK [2][-]{subsection.5.1}{}{section.5}% 13
\BOOKMARK [2][-]{subsection.5.2}{}{section.5}% 14
\BOOKMARK [2][-]{subsection.5.3}{}{section.5}% 15
\BOOKMARK [1][-]{section.6}{\376\377\006\071\006\106\006\110\006\047\006\106\000\040\006\063\006\110\006\047\006\104\000\040\006\064\006\064\006\105}{}% 16
\BOOKMARK [2][-]{subsection.6.1}{}{section.6}% 17
\BOOKMARK [2][-]{subsection.6.2}{}{section.6}% 18
\BOOKMARK [1][-]{section.7}{\376\377\006\063\006\110\006\047\006\104\000\040\006\107\006\101\006\052\006\105}{}% 19
\BOOKMARK [2][-]{subsection.7.1}{\376\377\006\063\006\110\006\047\006\104\000\040\0006\000\040\006\101\006\047\006\314\006\104}{section.7}% 20
\BOOKMARK [2][-]{subsection.7.2}{\376\377\006\063\006\110\006\047\006\104\000\040\0007\000\040\006\101\006\047\006\314\006\104}{section.7}% 21
\BOOKMARK [1][-]{section.8}{\376\377\006\071\006\106\006\110\006\047\006\106\000\040\006\063\006\110\006\047\006\104\000\040\006\054\006\057\006\110\006\104}{}% 22
\BOOKMARK [1][-]{section.9}{\376\377\006\071\006\106\006\110\006\047\006\106\000\040\006\063\006\110\006\047\006\104\000\040\006\107\006\064\006\052\006\105}{}% 23
\BOOKMARK [1][-]{section.10}{\376\377\006\066\006\105\006\314\006\105\006\107}{}% 24
